09:56:58.919  369  DEBUG fr.sparna.rdf.xls2rdf.app.Convert - Will use output format : text/turtle
09:56:58.923  373  DEBUG fr.sparna.rdf.xls2rdf.app.Convert - Will use ModelWriter : fr.sparna.rdf.xls2rdf.OutputStreamModelWriter
09:56:59.591  1041 DEBUG f.s.rdf.xls2rdf.Xls2RdfConverter - Processing sheet: Sheet1
09:56:59.601  1051 INFO  f.sparna.rdf.xls2rdf.RdfizableSheet - Found proper property in header : http://data.windenergy.dtu.dk/controlled-terminology/taxonomy-topics/
09:56:59.605  1055 INFO  f.sparna.rdf.xls2rdf.RdfizableSheet - Found proper property in header : http://purl.org/pav/
09:56:59.607  1057 INFO  f.sparna.rdf.xls2rdf.RdfizableSheet - Found proper property in header : http://purl.org/dc/terms/
09:56:59.611  1061 INFO  f.sparna.rdf.xls2rdf.RdfizableSheet - Found proper property in header : http://www.w3.org/1999/02/22-rdf-syntax-ns#
09:56:59.613  1063 INFO  f.sparna.rdf.xls2rdf.RdfizableSheet - Found proper property in header : http://www.w3.org/2000/01/rdf-schema#
09:56:59.619  1069 INFO  f.sparna.rdf.xls2rdf.RdfizableSheet - Found proper property in header : http://orcid.org/0000-0003-4124-9040
09:56:59.623  1073 INFO  f.sparna.rdf.xls2rdf.RdfizableSheet - Found proper property in header : http://orcid.org/0000-0002-9381-9693
09:56:59.631  1081 INFO  f.sparna.rdf.xls2rdf.RdfizableSheet - Found proper property in header : http://www.w3.org/2004/02/skos/core#prefLabel
09:56:59.632  1082 INFO  f.sparna.rdf.xls2rdf.RdfizableSheet - Found proper property in header : http://www.w3.org/1999/02/22-rdf-syntax-ns#type
09:56:59.633  1083 INFO  f.sparna.rdf.xls2rdf.RdfizableSheet - Found proper property in header : http://www.w3.org/2000/01/rdf-schema#label
09:56:59.634  1084 INFO  f.sparna.rdf.xls2rdf.RdfizableSheet - Found proper property in header : http://www.w3.org/2004/02/skos/core#definition
09:56:59.636  1086 INFO  f.sparna.rdf.xls2rdf.RdfizableSheet - Found proper property in header : http://www.w3.org/2004/02/skos/core#altLabel
09:56:59.637  1087 INFO  f.sparna.rdf.xls2rdf.RdfizableSheet - Found proper property in header : http://www.w3.org/2004/02/skos/core#broader
09:56:59.637  1087 INFO  f.sparna.rdf.xls2rdf.RdfizableSheet - Found proper property in header : http://data.windenergy.dtu.dk/controlled-terminology/taxonomy-topics/IEVref
09:56:59.638  1088 INFO  f.sparna.rdf.xls2rdf.RdfizableSheet - Found proper property in header : http://www.w3.org/2004/02/skos/core#exactMatch
09:56:59.639  1089 INFO  f.sparna.rdf.xls2rdf.RdfizableSheet - Found proper property in header : http://purl.org/dc/terms/creator
09:56:59.639  1089 INFO  f.sparna.rdf.xls2rdf.RdfizableSheet - Found at least 2 headers with proper property declaration in the first 10 columns, title row is at index 15
09:56:59.641  1091 DEBUG f.s.rdf.xls2rdf.Xls2RdfConverter - Found title row at index 15
09:56:59.643  1093 DEBUG f.s.rdf.xls2rdf.Xls2RdfConverter - Adding value on header object "Wind Energy Taxonomy" with lang en
09:56:59.647  1097 DEBUG f.s.rdf.xls2rdf.Xls2RdfConverter - Adding value on header object "Taxonomy of Research Topics in Wind Energy" with lang en
09:56:59.648  1098 DEBUG f.s.rdf.xls2rdf.Xls2RdfConverter - Adding value on header object "A taxonomical organization of research topics in wind energy which follows a typical lifecycle of wind farm development." with lang en
09:56:59.650  1100 DEBUG f.s.rdf.xls2rdf.Xls2RdfConverter - Adding value on header object "http://orcid.org/0000-0003-4124-9040" with lang en
09:56:59.651  1101 DEBUG f.s.rdf.xls2rdf.Xls2RdfConverter - Adding value on header object "http://orcid.org/0000-0002-9381-9693" with lang en
09:56:59.652  1102 DEBUG f.s.rdf.xls2rdf.Xls2RdfConverter - Adding value on header object "0.1" with lang en
09:56:59.652  1102 DEBUG f.s.rdf.xls2rdf.Xls2RdfConverter - Adding value on header object "2020-12-01T00:00:00+01:00" with lang en
09:56:59.653  1103 DEBUG f.s.rdf.xls2rdf.Xls2RdfConverter - Adding value on header object "2020-12-01T00:00:00+01:00" with lang en
09:56:59.659  1109 DEBUG f.s.rdf.xls2rdf.Xls2RdfConverter - Converting data with these column headers: 
09:56:59.660  1110 DEBUG f.s.rdf.xls2rdf.Xls2RdfConverter - ColumnHeader [originalValue=Identifier, language=Optional.empty, datatype=Optional.empty, property=null, declaredProperty=Identifier, inverse=false, parameters={}, id=null, reconcileOn=null, headerCell=Identifier]
09:56:59.660  1110 DEBUG f.s.rdf.xls2rdf.Xls2RdfConverter - ColumnHeader [originalValue=skos:prefLabel, language=Optional.empty, datatype=Optional.empty, property=http://www.w3.org/2004/02/skos/core#prefLabel, declaredProperty=skos:prefLabel, inverse=false, parameters={}, id=null, reconcileOn=null, headerCell=skos:prefLabel]
09:56:59.660  1110 DEBUG f.s.rdf.xls2rdf.Xls2RdfConverter - ColumnHeader [originalValue=rdf:type, language=Optional.empty, datatype=Optional.empty, property=http://www.w3.org/1999/02/22-rdf-syntax-ns#type, declaredProperty=rdf:type, inverse=false, parameters={}, id=null, reconcileOn=null, headerCell=rdf:type]
09:56:59.660  1110 DEBUG f.s.rdf.xls2rdf.Xls2RdfConverter - ColumnHeader [originalValue=rdfs:label, language=Optional.empty, datatype=Optional.empty, property=http://www.w3.org/2000/01/rdf-schema#label, declaredProperty=rdfs:label, inverse=false, parameters={}, id=null, reconcileOn=null, headerCell=rdfs:label]
09:56:59.668  1118 DEBUG f.s.rdf.xls2rdf.Xls2RdfConverter - ColumnHeader [originalValue=skos:definition@en, language=Optional[en], datatype=Optional.empty, property=http://www.w3.org/2004/02/skos/core#definition, declaredProperty=skos:definition, inverse=false, parameters={}, id=null, reconcileOn=null, headerCell=skos:definition@en]
09:56:59.668  1118 DEBUG f.s.rdf.xls2rdf.Xls2RdfConverter - ColumnHeader [originalValue=skos:altLabel(separator=","), language=Optional.empty, datatype=Optional.empty, property=http://www.w3.org/2004/02/skos/core#altLabel, declaredProperty=skos:altLabel, inverse=false, parameters={separator=,}, id=null, reconcileOn=null, headerCell=skos:altLabel(separator=",")]
09:56:59.669  1119 DEBUG f.s.rdf.xls2rdf.Xls2RdfConverter - ColumnHeader [originalValue=skos:broader(separator=","), language=Optional.empty, datatype=Optional.empty, property=http://www.w3.org/2004/02/skos/core#broader, declaredProperty=skos:broader, inverse=false, parameters={separator=,}, id=null, reconcileOn=null, headerCell=skos:broader(separator=",")]
09:56:59.669  1119 DEBUG f.s.rdf.xls2rdf.Xls2RdfConverter - ColumnHeader [originalValue=wetaxtop:IEVref, language=Optional.empty, datatype=Optional.empty, property=http://data.windenergy.dtu.dk/controlled-terminology/taxonomy-topics/IEVref, declaredProperty=wetaxtop:IEVref, inverse=false, parameters={}, id=null, reconcileOn=null, headerCell=wetaxtop:IEVref]
09:56:59.669  1119 DEBUG f.s.rdf.xls2rdf.Xls2RdfConverter - ColumnHeader [originalValue=skos:exactMatch(separator=","), language=Optional.empty, datatype=Optional.empty, property=http://www.w3.org/2004/02/skos/core#exactMatch, declaredProperty=skos:exactMatch, inverse=false, parameters={separator=,}, id=null, reconcileOn=null, headerCell=skos:exactMatch(separator=",")]
09:56:59.669  1119 DEBUG f.s.rdf.xls2rdf.Xls2RdfConverter - ColumnHeader [originalValue=dct:creator(separator=","), language=Optional.empty, datatype=Optional.empty, property=http://purl.org/dc/terms/creator, declaredProperty=dct:creator, inverse=false, parameters={separator=,}, id=null, reconcileOn=null, headerCell=dct:creator(separator=",")]
09:56:59.669  1119 DEBUG f.s.rdf.xls2rdf.Xls2RdfConverter - ColumnHeader [originalValue=dct:contributor(separator=","), language=Optional.empty, datatype=Optional.empty, property=http://purl.org/dc/terms/contributor, declaredProperty=dct:contributor, inverse=false, parameters={separator=,}, id=null, reconcileOn=null, headerCell=dct:contributor(separator=",")]
09:56:59.669  1119 DEBUG f.s.rdf.xls2rdf.Xls2RdfConverter - ColumnHeader [originalValue=skos:editorialNote@en, language=Optional[en], datatype=Optional.empty, property=http://www.w3.org/2004/02/skos/core#editorialNote, declaredProperty=skos:editorialNote, inverse=false, parameters={}, id=null, reconcileOn=null, headerCell=skos:editorialNote@en]
09:56:59.669  1119 DEBUG f.s.rdf.xls2rdf.Xls2RdfConverter - ColumnHeader [originalValue=skos:note@en, language=Optional[en], datatype=Optional.empty, property=http://www.w3.org/2004/02/skos/core#note, declaredProperty=skos:note, inverse=false, parameters={}, id=null, reconcileOn=null, headerCell=skos:note@en]
09:56:59.669  1119 INFO  f.s.rdf.xls2rdf.Xls2RdfConverter - Converting rows...
09:56:59.748  1198 INFO  f.s.rdf.xls2rdf.Xls2RdfConverter - Applying SKOS post-processings on the result
09:56:59.748  1198 DEBUG f.s.rdf.xls2rdf.SkosPostProcessor - Postprocessing : SkosPostProcessor
09:56:59.749  1199 DEBUG f.s.rdf.xls2rdf.SkosPostProcessor - Considering main resource like a ConceptScheme.
09:56:59.752  1202 DEBUG f.s.rdf.xls2rdf.SkosPostProcessor - Adding inverse skos:broader and skos:narrower
09:56:59.755  1205 DEBUG f.s.rdf.xls2rdf.SkosPostProcessor - Adding skos:inScheme
09:56:59.756  1206 DEBUG f.s.rdf.xls2rdf.SkosPostProcessor - Setting rdf:type skos:ConceptScheme to main resource
09:56:59.757  1207 DEBUG f.s.rdf.xls2rdf.SkosPostProcessor - Adding skos:hasTopConcept / skos:topConceptOf
09:56:59.759  1209 DEBUG f.s.rdf.xls2rdf.Xls2RdfConverter - Saving graph of 576 statements generated from Sheet Sheet1
